<?xml version="1.0" encoding="UTF-8"?>
<!-- Generated by org.testng.reporters.JUnitReportReporter -->
<testsuite hostname="DESKTOP-VJ35TJ3" failures="0" tests="2" name="MavenProject.MavenJava.SeleniumTest" time="0.009" errors="0" timestamp="12 Nov 2020 13:18:19 GMT">
  <testcase classname="MavenProject.MavenJava.SeleniumTest" name="prgrm1" time="0.001"/>
  <testcase classname="MavenProject.MavenJava.SeleniumTest" name="prgrm2" time="0.008"/>
</testsuite> <!-- MavenProject.MavenJava.SeleniumTest -->
