<?xml version="1.0" encoding="UTF-8"?>
<!-- Generated by org.testng.reporters.JUnitReportReporter -->
<testsuite hostname="DESKTOP-VJ35TJ3" failures="0" tests="1" name="MavenProject.MavenJava.Selenium2Test" time="0.021" errors="0" timestamp="17 Nov 2020 08:10:58 GMT" skipped="0">
  <testcase classname="MavenProject.MavenJava.Selenium2Test" name="prgrm3" time="0.021"/>
</testsuite> <!-- MavenProject.MavenJava.Selenium2Test -->
